<?xml version="1.0" encoding="UTF-8"?>
<!-- Generated by org.testng.reporters.JUnitXMLReporter -->
<testsuite hostname="Aleksa-PC" ignored="0" name="Regression" tests="10" failures="0" timestamp="30 мар 2020 19:14:43 GMT" time="192.306" errors="0">
  <testcase name="enterTheStoreTest" time="0.715" classname="test.HomeEnterTest"/>
  <testcase name="petStoreMenuPathTest" time="4.66" classname="test.PetStoreMenuTest"/>
  <testcase name="petStoreMenuStatusTest" time="2.553" classname="test.PetStoreMenuTest"/>
  <testcase name="signInBtnTest" time="0.34" classname="test.PetStoreMenuTest"/>
  <testcase name="userRegistrationTest" time="116.029" classname="test.RegistrationTest"/>
  <testcase name="registerNowTest" time="0.751" classname="test.SignInTest"/>
  <testcase name="signInTest" time="27.754" classname="test.SignInTest"/>
  <testcase name="addingItemsToCartTest" time="5.168" classname="test.CartTest"/>
  <testcase name="TotalPriceTest" time="3.39" classname="test.CartTest"/>
  <testcase name="deleteCookiesCartTest" time="3.229" classname="test.CartTest"/>
</testsuite> <!-- Regression -->
