<?xml version="1.0" encoding="UTF-8"?>
<!-- Generated by org.testng.reporters.JUnitXMLReporter -->
<testsuite hostname="Aleksa-PC" ignored="0" name="Default test" tests="3" failures="0" timestamp="29 мар 2020 16:43:36 GMT" time="36.49" errors="0">
  <testcase name="addingItemsToCartTest" time="25.008" classname="test.CartTest"/>
  <testcase name="TotalPriceTest" time="3.102" classname="test.CartTest"/>
  <testcase name="deleteCookiesCartTest" time="2.927" classname="test.CartTest"/>
</testsuite> <!-- Default test -->
